0 64 720
0 92 515
0 102 286
0 126 895
1 3 910
1 84 956
1 122 971
2 23 846
2 40 968
2 53 253
2 64 730
2 70 574
2 105 798
3 4 555
3 45 980
3 50 43
3 57 239
3 77 495
3 96 638
3 100 111
3 113 490
3 119 124
4 13 807
4 22 176
4 30 820
4 73 144
4 109 745
4 124 775
5 3 509
5 18 85
5 37 574
5 44 744
5 51 586
5 116 759
6 9 541
6 31 930
6 57 831
6 72 494
6 78 44
6 112 870
6 123 834
6 131 675
7 5 23
7 25 391
7 37 17
7 46 500
7 51 329
7 136 19
8 40 704
8 96 61
9 15 334
9 35 817
9 47 302
9 52 367
9 56 663
9 84 628
9 122 652
9 131 130
9 136 885
10 4 228
10 22 183
10 43 169
10 74 836
10 91 230
10 106 45
10 118 200
11 16 920
11 51 865
11 62 60
11 78 901
11 87 766
11 95 815
11 113 410
12 7 623
12 20 183
12 26 28
12 33 460
12 40 861
12 68 151
12 91 759
12 109 84
12 117 928
12 124 906
12 129 470
13 2 148
13 13 636
13 52 387
13 62 187
13 77 741
13 81 308
13 97 413
14 28 362
14 33 220
14 72 553
14 105 359
14 115 373
14 122 706
14 126 518
14 132 274
15 5 688
15 10 279
15 21 441
15 39 320
15 44 596
15 68 989
15 85 108
15 92 139
15 96 216
16 14 399
16 26 506
16 59 282
16 64 344
16 73 610
16 79 462
16 100 876
16 108 287
16 114 230
16 132 633
17 3 221
17 9 111
17 21 235
17 33 377
17 37 319
17 53 503
17 95 402
17 121 224
18 26 992
18 67 945
18 71 891
18 91 312
18 103 747
19 9 350
19 37 147
19 56 483
19 108 613
19 117 880
19 130 177
20 21 146
20 25 409
20 94 981
20 100 246
20 113 790
21 6 440
21 12 860
21 30 205
21 34 421
21 39 791
21 59 652
21 65 456
21 121 140
21 128 511
22 21 762
22 70 596
22 75 656
22 84 959
22 99 292
22 103 476
23 5 276
23 25 167
23 32 108
23 36 819
23 54 845
23 66 950
23 79 577
23 94 533
23 118 323
23 128 12
24 45 348
24 59 570
24 84 308
24 99 765
24 133 558
25 12 530
25 19 992
25 26 512
25 32 560
25 38 755
25 94 896
25 106 813
25 115 763
26 0 424
26 46 922
26 70 445
26 74 99
26 82 88
26 111 803
26 121 14
26 124 440
26 131 139
27 16 155
27 21 417
27 25 911
27 29 383
27 41 434
27 55 345
27 59 763
27 64 279
27 77 6
27 115 814
28 3 147
28 50 856
28 81 82
28 120 619
29 8 668
29 55 448
29 59 710
29 68 25
29 71 427
29 84 740
29 95 44
29 98 608
29 102 809
29 132 119
30 43 86
30 50 724
30 78 924
30 91 240
30 111 945
31 5 578
31 15 565
31 19 749
31 25 342
31 32 338
31 54 786
31 60 305
31 73 627
31 86 924
32 9 135
32 36 786
32 48 911
32 81 193
32 97 862
32 102 337
32 112 879
32 127 681
32 131 598
33 26 646
33 40 105
33 57 682
33 63 683
33 67 53
33 75 750
33 116 787
34 12 899
34 21 230
34 45 792
34 51 779
34 81 918
34 86 955
34 92 731
34 97 233
34 111 496
34 132 109
35 3 905
35 34 550
35 38 675
35 69 581
35 128 204
36 8 146
36 12 171
36 23 162
36 27 944
36 43 613
36 60 563
36 64 321
36 73 648
36 93 278
36 115 519
36 123 558
36 133 573
37 2 134
37 19 260
37 34 815
37 38 20
37 54 286
37 78 100
37 84 261
37 109 850
38 6 872
38 59 971
38 64 669
38 71 733
38 98 610
38 113 983
38 118 801
39 0 601
39 12 484
39 25 109
39 38 317
39 55 424
39 86 298
39 102 976
40 42 316
40 46 201
40 60 935
40 96 22
40 109 137
40 123 557
40 134 4
41 2 745
41 14 286
41 22 989
41 35 582
41 64 277
41 83 335
41 119 520
42 77 281
42 97 940
42 102 970
42 109 318
42 129 281
42 134 216
43 16 361
43 35 178
43 50 725
43 70 548
43 92 190
44 2 57
44 11 131
44 24 436
44 28 375
44 40 168
44 57 305
44 61 435
44 84 674
44 97 245
44 116 404
44 120 270
44 129 812
44 134 707
45 5 440
45 15 318
45 19 525
45 73 540
45 80 799
45 103 344
45 109 432
46 30 730
46 44 927
46 48 785
46 85 509
46 95 45
46 113 849
46 133 993
47 2 362
47 6 541
47 12 187
47 19 393
47 60 365
47 74 442
47 99 105
47 117 256
48 24 568
48 36 98
48 50 427
48 55 718
48 67 500
48 90 692
48 94 547
48 103 753
49 9 652
49 32 836
49 45 333
49 59 144
49 108 593
49 112 540
49 120 968
49 125 822
49 133 450
50 14 518
50 21 442
50 52 521
50 68 884
50 72 303
50 76 85
50 79 483
50 98 594
51 7 278
51 25 674
51 42 844
51 48 435
51 90 837
51 105 333
51 111 849
51 124 607
51 134 177
52 17 302
52 38 519
52 61 270
52 68 174
52 98 579
52 117 66
52 130 425
53 28 205
53 34 833
53 46 672
53 73 269
53 77 440
53 83 771
53 91 446
54 1 134
54 5 527
54 13 14
54 18 910
54 22 845
54 62 113
54 109 579
54 113 171
54 125 287
54 130 828
55 26 726
55 35 83
55 47 264
55 68 188
55 72 765
55 77 359
55 83 182
55 102 380
56 110 830
56 118 989
56 122 246
57 6 260
57 11 452
57 67 246
57 89 466
57 93 915
57 129 417
57 137 558
58 2 961
58 30 203
58 34 690
58 50 424
58 100 797
58 104 363
58 111 813
58 125 340
59 24 260
59 43 608
59 54 565
59 69 856
59 79 576
59 83 159
59 91 691
59 96 23
59 121 562
59 133 373
60 6 235
60 10 962
60 15 311
60 61 129
60 99 354
60 118 33
61 21 140
61 30 910
61 35 613
61 39 544
61 52 420
61 68 903
61 76 825
61 110 139
61 114 819
61 129 595
62 5 349
62 25 746
62 45 264
62 61 607
62 72 879
63 18 259
63 32 609
63 56 619
63 82 68
63 85 45
63 91 560
63 95 723
63 108 171
63 115 12
63 122 277
63 134 563
64 3 39
64 8 428
64 26 551
64 48 962
64 65 620
64 76 776
64 126 626
65 18 370
65 31 807
65 42 820
65 54 842
65 60 562
65 81 646
65 86 48
65 95 412
65 109 684
65 113 754
65 120 143
66 22 77
66 27 225
66 50 152
66 64 241
66 76 628
66 90 462
66 99 926
66 126 990
66 131 439
67 1 352
67 34 615
67 45 633
67 81 996
67 86 388
67 103 516
67 120 107
67 135 743
68 20 970
68 50 564
68 93 790
68 98 239
69 1 211
69 9 342
69 27 521
69 45 788
69 89 265
69 103 486
70 21 82
70 49 731
70 54 230
70 64 50
70 85 480
70 95 8
70 129 507
70 136 660
71 3 103
71 8 762
71 12 436
71 16 523
71 43 250
71 103 916
72 20 439
72 27 553
72 54 466
72 58 553
72 73 699
72 79 3
72 93 695
72 132 923
73 2 867
73 7 971
73 38 669
73 65 605
73 69 272
73 82 175
73 88 836
73 102 15
73 123 257
74 28 579
74 74 877
74 95 330
74 106 141
75 33 881
75 46 400
75 78 453
75 87 509
75 133 879
76 4 99
76 15 300
76 19 882
76 27 670
76 67 712
76 71 119
76 94 473
76 99 290
76 105 630
76 118 510
77 23 959
77 34 189
77 45 123
77 75 394
77 82 329
77 114 208
77 125 583
77 131 785
78 41 402
78 55 521
78 107 7
78 121 564
79 15 555
79 19 430
79 29 630
79 33 854
79 62 676
79 76 980
80 11 531
80 47 139
80 89 5
80 92 969
80 100 338
80 122 508
80 132 843
81 21 118
81 37 999
81 41 915
81 73 755
81 85 501
81 117 766
81 128 3
81 136 792
82 16 706
82 30 501
82 46 442
82 52 469
82 65 332
82 69 327
82 124 661
83 11 900
83 42 986
83 59 705
83 73 884
83 78 290
83 84 177
83 88 531
83 99 632
83 108 802
83 114 936
83 119 39
83 130 952
84 22 483
84 33 553
84 38 544
84 65 340
84 135 396
85 3 149
85 61 405
85 71 555
85 101 98
85 107 313
85 118 834
86 8 409
86 14 266
86 20 29
86 86 830
86 93 748
86 122 457
86 128 592
87 3 310
87 43 138
87 49 197
87 62 169
87 72 387
87 77 923
87 101 598
87 108 50
88 8 178
88 24 236
88 33 865
88 37 134
88 53 436
88 58 772
88 83 688
88 93 850
88 97 66
88 124 796
88 128 897
88 135 679
89 16 170
89 28 784
89 42 463
89 48 871
89 63 338
89 75 16
89 87 876
89 118 368
90 11 270
90 20 682
90 52 129
90 57 802
90 68 505
90 78 822
90 82 834
90 94 575
90 102 309
90 111 577
90 122 6
90 129 926
90 134 632
91 34 105
91 39 960
91 43 480
91 64 293
91 107 686
91 117 759
91 124 13
92 15 507
92 68 42
92 79 919
92 95 928
92 100 584
93 4 12
93 24 661
93 32 535
93 87 788
93 109 936
93 132 314
94 43 417
94 57 492
94 72 654
94 76 143
94 80 476
94 84 73
94 118 317
95 5 511
95 107 861
95 123 919
96 19 704
96 23 853
96 34 396
96 38 772
96 44 407
96 52 499
96 67 393
96 76 317
96 93 262
96 97 72
96 117 418
96 133 661
96 137 466
97 3 387
97 9 300
97 48 688
97 60 895
97 102 25
97 127 268
98 29 253
98 41 16
98 66 665
98 76 936
98 81 451
98 85 222
98 90 299
98 94 498
98 110 669
98 118 652
98 131 218
99 35 567
99 58 226
99 70 188
99 99 510
99 106 717
99 115 53
99 126 474
100 42 906
100 48 206
100 53 479
100 75 599
100 91 598
100 119 904
100 130 808
101 9 876
101 27 295
101 66 998
101 72 34
101 84 348
101 95 499
101 123 681
102 4 452
102 15 407
102 33 971
102 52 721
102 88 129
102 111 508
102 118 744
103 8 17
103 27 136
103 64 635
103 76 310
103 80 487
103 93 746
103 101 964
103 127 639
104 11 314
104 16 471
104 48 768
104 68 640
104 85 387
104 106 420
104 122 975
104 131 230
105 22 389
105 36 372
105 63 799
105 89 678
105 96 661
105 102 531
105 111 460
106 12 97
106 32 943
106 71 424
107 3 803
107 36 529
107 43 264
107 65 810
107 78 810
107 99 183
107 108 429
107 114 730
107 118 52
107 121 709
107 126 896
107 131 696
107 135 481
108 7 82
108 10 570
108 54 754
108 60 528
108 74 399
108 82 893
108 90 176
109 24 731
109 34 679
109 48 110
109 66 749
109 94 325
109 98 803
109 130 820
109 134 541
110 6 739
110 29 577
110 38 4
110 43 210
110 52 21
110 55 396
110 79 822
110 83 930
110 102 689
110 119 774
110 125 539
111 10 113
111 48 477
111 68 881
112 37 809
112 75 459
112 85 496
112 91 354
112 98 979
112 104 231
112 121 541
112 127 168
112 133 708
113 5 954
113 24 267
113 41 453
113 50 812
113 56 993
113 117 267
114 13 9
114 33 307
114 46 364
114 61 266
114 65 757
114 72 800
114 81 805
114 85 197
114 89 453
114 95 758
114 99 617
114 107 390
114 126 329
115 15 954
115 41 358
115 57 859
115 77 848
115 130 43
115 133 671
116 9 107
116 20 596
116 34 941
116 45 555
116 53 378
116 62 824
116 66 348
116 72 207
116 85 469
116 91 352
116 105 474
116 119 961
116 123 848
117 24 659
117 42 86
117 78 898
117 95 307
117 113 824
117 129 735
117 135 584
118 4 540
118 11 734
118 17 463
118 48 204
118 60 633
118 102 627
119 64 522
119 89 187
119 119 311
119 123 384
120 9 368
120 13 901
120 35 120
120 55 783
120 76 361
120 95 901
120 108 770
120 112 163
120 128 348
121 25 10
121 29 874
121 89 826
121 100 440
121 116 631
122 10 145
122 35 665
122 40 567
122 57 486
122 70 869
122 79 679
122 96 369
122 105 195
122 112 890
122 129 100
123 6 664
123 25 49
123 31 859
123 47 8
123 61 971
123 74 905
123 89 595
123 116 742
124 52 120
124 67 80
124 93 823
124 123 893
125 8 748
125 12 178
125 16 50
125 19 479
125 30 863
125 71 808
125 83 305
125 98 684
125 104 47
125 127 634
126 36 83
126 40 674
126 44 571
126 51 575
126 65 756
126 93 546
126 111 124
126 117 199
126 121 758
127 3 346
127 13 70
127 24 569
127 55 12
127 81 742
127 88 694
127 107 405
128 35 617
128 49 958
128 58 778
128 69 540
128 74 293
128 122 502
128 126 834
129 11 47
129 53 622
129 79 980
129 83 390
129 93 785
129 97 104
130 4 261
130 36 555
130 49 893
130 67 810
130 89 804
130 101 942
130 112 739
130 117 773
131 9 390
131 15 765
131 25 655
131 41 497
131 53 885
131 61 2
131 94 636
131 105 862
132 20 897
132 32 354
132 49 959
132 100 576
132 119 698
133 15 307
133 38 100
133 55 324
133 64 821
133 71 377
133 84 939
133 89 134
133 93 625
134 25 556
134 49 63
134 59 307
134 100 462
134 120 822
134 135 681
135 77 864
135 96 550
135 112 665
135 130 956
136 1 780
136 21 435
136 30 811
136 57 452
136 125 792
136 136 245
137 44 661
137 49 213
137 70 310
137 75 726
137 83 739
137 89 791
137 95 387
137 99 123
137 114 924
137 132 281
138 2 139
138 15 45
138 27 316
138 62 678
138 80 10
138 108 61
139 21 815
139 33 786
139 52 186
139 66 640
139 75 388
139 85 415
139 92 4
139 95 36
139 102 894
139 130 303
