0 64 720
2 64 730
0 92 515
0 102 286
2 105 798
0 126 895
1 3 910
3 4 555
2 40 968
1 84 956
3 96 638
3 100 111
1 122 971
3 119 124
2 23 846
4 22 176
4 30 820
3 50 43
2 53 253
2 70 574
3 113 490
4 109 745
4 124 775
5 37 574
3 45 980
5 44 744
3 57 239
3 77 495
4 73 144
6 9 541
4 13 807
5 18 85
6 57 831
6 131 675
5 3 509
7 5 23
6 31 930
5 51 586
7 51 329
5 116 759
6 112 870
6 72 494
6 78 44
6 123 834
7 25 391
7 37 17
9 35 817
8 40 704
7 46 500
8 96 61
7 136 19
9 136 885
9 52 367
10 74 836
9 15 334
11 16 920
9 47 302
10 43 169
9 56 663
9 84 628
11 87 766
11 113 410
9 122 652
9 131 130
10 4 228
12 7 623
10 22 183
12 20 183
12 26 28
12 68 151
11 78 901
10 91 230
12 91 759
10 106 45
12 109 84
10 118 200
12 117 928
13 2 148
11 51 865
11 62 60
13 62 187
11 95 815
13 97 413
12 33 460
14 33 220
12 40 861
13 52 387
12 124 906
14 122 706
12 129 470
14 132 274
13 13 636
15 44 596
15 68 989
13 77 741
13 81 308
15 92 139
15 96 216
14 105 359
14 126 518
14 28 362
16 59 282
16 64 344
14 72 553
16 73 610
16 79 462
16 108 287
14 115 373
16 114 230
15 5 688
17 3 221
15 10 279
16 14 399
15 21 441
17 21 235
15 39 320
17 37 319
15 85 108
17 121 224
16 132 633
16 26 506
18 26 992
17 33 377
16 100 876
18 103 747
17 9 111
19 9 350
17 53 503
19 56 483
17 95 402
18 91 312
19 117 880
18 67 945
18 71 891
19 108 613
19 130 177
20 21 146
20 25 409
19 37 147
21 39 791
21 59 652
21 12 860
21 30 205
21 34 421
22 70 596
20 94 981
20 100 246
22 99 292
20 113 790
21 6 440
23 5 276
23 54 845
21 65 456
23 66 950
22 75 656
23 79 577
21 121 140
23 118 323
21 128 511
23 128 12
22 21 762
22 84 959
24 84 308
22 103 476
23 25 167
25 26 512
23 32 108
25 32 560
23 36 819
25 38 755
23 94 533
25 94 896
24 45 348
26 46 922
24 59 570
26 82 88
24 99 765
24 133 558
26 131 139
25 12 530
25 19 992
27 16 155
27 21 417
27 25 911
27 29 383
25 106 813
25 115 763
27 115 814
26 0 424
28 3 147
28 50 856
26 70 445
26 74 99
27 77 6
26 111 803
26 121 14
28 120 619
26 124 440
27 41 434
27 55 345
29 55 448
27 59 763
29 59 710
27 64 279
29 68 25
29 84 740
29 95 44
29 102 809
29 8 668
30 43 86
28 81 82
30 91 240
30 111 945
31 15 565
31 19 749
31 25 342
31 32 338
29 71 427
31 73 627
29 98 608
29 132 119
30 50 724
31 54 786
30 78 924
32 102 337
31 5 578
32 9 135
33 26 646
31 60 305
33 57 682
33 63 683
33 67 53
31 86 924
32 36 786
33 40 105
32 48 911
34 51 779
32 81 193
34 81 918
34 86 955
32 97 862
34 97 233
32 112 879
34 111 496
33 116 787
32 127 681
32 131 598
33 75 750
34 12 899
36 12 171
34 21 230
36 23 162
36 27 944
35 34 550
35 38 675
34 45 792
36 43 613
35 69 581
34 92 731
36 93 278
36 123 558
34 132 109
36 133 573
35 3 905
37 2 134
35 128 204
36 8 146
38 6 872
37 34 815
37 38 20
36 60 563
38 59 971
36 64 321
38 64 669
36 73 648
38 71 733
37 109 850
36 115 519
38 113 983
37 19 260
37 54 286
39 55 424
37 78 100
37 84 261
39 86 298
38 118 801
39 12 484
38 98 610
40 96 22
40 109 137
39 0 601
41 2 745
39 25 109
41 22 989
39 38 317
41 35 582
40 60 935
41 64 277
39 102 976
40 42 316
40 46 201
40 123 557
41 119 520
40 134 4
42 134 216
41 14 286
43 16 361
43 50 725
42 77 281
41 83 335
42 102 970
44 40 168
44 57 305
44 61 435
43 92 190
42 97 940
44 97 245
42 109 318
44 116 404
44 120 270
42 129 281
44 129 812
44 2 57
45 5 440
44 11 131
45 15 318
44 24 436
44 28 375
43 35 178
43 70 548
45 73 540
45 103 344
45 109 432
46 44 927
46 48 785
44 84 674
46 85 509
44 134 707
46 133 993
47 12 187
45 19 525
47 19 393
45 80 799
46 113 849
47 117 256
47 2 362
47 6 541
46 30 730
46 95 45
48 94 547
48 103 753
49 32 836
49 45 333
48 50 427
48 55 718
47 60 365
49 59 144
48 67 500
47 74 442
47 99 105
49 112 540
49 9 652
48 24 568
50 21 442
48 36 98
50 79 483
48 90 692
49 108 593
51 105 333
49 120 968
49 125 822
51 124 607
49 133 450
51 134 177
50 14 518
52 17 302
50 52 521
51 48 435
50 68 884
52 68 174
50 72 303
50 76 85
50 98 594
52 98 579
51 111 849
51 7 278
51 25 674
53 28 205
52 38 519
53 34 833
51 42 844
53 46 672
51 90 837
53 91 446
52 117 66
54 13 14
54 18 910
54 22 845
52 61 270
54 62 113
54 109 579
54 113 171
52 130 425
54 130 828
55 68 188
53 73 269
55 72 765
53 77 440
55 77 359
53 83 771
55 83 182
54 1 134
54 5 527
56 118 989
54 125 287
56 122 246
55 26 726
55 35 83
55 47 264
57 89 466
57 93 915
55 102 380
56 110 830
57 129 417
57 6 260
58 2 961
58 125 340
57 137 55
57 11 452
59 24 260
58 30 203
58 34 690
59 43 608
58 50 424
59 54 565
57 67 246
59 69 856
59 79 576
59 83 159
58 111 813
60 61 129
58 100 797
58 104 363
59 121 562
60 118 33
60 15 311
61 35 613
61 39 544
61 76 825
59 91 691
59 96 23
60 99 354
59 133 373
60 6 235
62 5 349
60 10 962
61 68 903
62 72 879
61 21 140
61 30 910
63 32 609
61 52 420
63 56 619
63 108 171
61 110 139
61 114 819
61 129 595
64 8 428
62 25 746
64 26 551
62 45 264
64 48 962
62 61 607
64 65 620
64 76 776
63 85 45
63 91 560
63 95 723
63 115 12
63 18 259
65 18 370
65 54 842
63 82 68
65 81 646
63 122 277
65 120 143
63 134 563
64 3 39
66 22 77
65 31 807
66 27 225
65 60 562
66 64 241
66 90 462
65 109 684
65 113 754
64 126 626
66 126 990
65 42 820
66 76 628
65 86 48
67 86 388
65 95 412
67 34 615
67 45 633
66 50 152
68 50 564
66 99 926
68 98 239
67 120 107
66 131 439
67 135 743
67 1 352
69 1 211
69 27 521
67 81 996
68 93 790
69 89 265
67 103 516
69 103 486
69 9 342
68 20 970
70 21 82
70 64 50
70 85 480
70 129 507
70 136 660
71 43 250
69 45 788
70 49 731
71 8 762
71 12 436
71 16 523
72 20 439
70 54 230
72 54 466
72 58 553
70 95 8
72 93 695
72 132 923
71 3 103
73 2 867
72 73 699
73 82 175
71 103 916
73 102 15
73 123 257
73 7 971
72 27 553
74 28 579
72 79 3
73 38 669
73 65 605
73 69 272
73 88 836
75 87 509
74 106 141
74 74 877
76 71 119
74 95 330
76 99 290
75 33 881
77 34 189
75 46 400
77 45 123
75 78 453
77 75 394
77 125 583
75 133 879
77 131 785
76 4 99
76 15 300
76 19 882
77 23 959
76 27 670
76 67 712
76 94 473
76 105 630
78 107 7
76 118 510
77 114 208
79 19 430
79 29 630
79 33 854
77 82 329
78 41 402
78 55 521
79 76 980
78 121 564
80 122 508
79 15 555
81 37 999
81 41 915
79 62 676
80 92 969
80 11 531
80 47 139
82 46 442
82 52 469
80 89 5
81 85 501
80 100 338
80 132 843
81 136 792
82 16 706
81 21 118
82 30 501
81 73 755
83 73 884
83 78 290
83 108 802
81 117 766
83 119 39
81 128 3
83 130 952
84 33 553
83 59 705
82 65 332
84 65 340
82 69 327
83 84 177
83 88 531
82 124 661
83 11 900
83 42 986
83 99 632
83 114 936
85 118 834
84 22 483
86 20 29
84 38 544
86 122 457
86 128 592
84 135 396
85 3 149
87 3 310
87 43 138
85 61 405
87 62 169
85 71 555
87 72 387
86 86 830
85 101 98
87 101 598
85 107 313
87 108 50
86 8 409
88 8 178
86 14 266
88 33 865
88 37 134
86 93 748
88 93 850
87 49 197
89 48 871
87 77 923
89 87 876
88 124 796
88 128 897
88 24 236
89 42 463
88 53 436
90 52 129
88 58 772
90 57 802
88 83 688
90 82 834
88 97 66
90 94 575
89 118 368
90 122 6
90 129 926
88 135 679
90 134 632
89 16 170
90 20 682
89 28 784
89 63 338
91 64 293
89 75 16
90 78 822
91 107 686
90 11 270
92 15 507
90 68 505
92 68 42
92 95 928
90 102 309
92 100 584
90 111 577
93 24 661
91 34 105
91 39 960
91 43 480
93 87 788
91 117 759
91 124 13
93 4 12
94 72 654
94 76 143
92 79 919
94 80 476
93 32 535
93 109 936
95 107 861
93 132 314
94 43 417
96 44 407
94 57 492
94 84 73
96 97 72
94 118 317
96 117 418
95 5 511
97 3 387
96 19 704
96 23 853
97 60 895
96 76 317
95 123 919
96 133 661
96 137 46
98 29 253
96 34 396
96 38 772
96 52 499
97 48 688
96 67 393
98 66 665
98 85 222
96 93 262
98 94 498
97 9 300
97 102 25
99 99 510
98 110 669
99 106 717
97 127 268
99 126 474
98 41 16
100 42 906
100 53 479
98 76 936
100 75 599
98 81 451
98 90 299
100 91 598
99 115 53
98 118 652
100 119 904
98 131 218
100 130 808
101 9 876
99 35 567
99 58 226
99 70 188
101 72 34
101 123 681
100 48 206
101 84 348
102 111 508
101 27 295
103 27 136
102 33 971
101 66 998
103 64 635
103 93 746
101 95 499
102 4 452
103 8 17
102 15 407
104 16 471
102 52 721
102 88 129
104 85 387
104 106 420
102 118 744
104 122 975
103 76 310
103 80 487
103 101 964
105 102 531
103 127 639
104 11 314
106 12 97
106 32 943
104 48 768
104 68 640
106 71 424
104 131 230
105 22 389
105 36 372
107 36 529
107 43 264
105 63 799
107 65 810
105 89 678
105 96 661
107 99 183
105 111 460
107 108 429
107 126 896
108 60 528
107 114 730
107 118 52
107 131 696
107 135 481
107 3 803
108 7 82
108 10 570
109 24 731
109 34 679
108 74 399
107 78 810
108 82 893
108 90 176
109 94 325
107 121 709
109 48 110
110 52 21
108 54 754
110 55 396
109 98 803
110 102 689
110 125 539
109 130 820
109 134 541
110 6 739
111 10 113
110 29 577
109 66 749
111 68 881
110 38 4
112 37 809
110 43 210
112 75 459
110 79 822
110 83 930
112 85 496
112 91 354
110 119 774
112 121 541
113 5 954
111 48 477
113 50 812
113 117 267
114 33 307
114 89 453
112 98 979
114 95 758
112 104 231
114 107 390
112 127 168
112 133 708
113 24 267
113 41 453
115 41 358
113 56 993
115 57 859
114 65 757
114 81 805
114 85 197
114 13 9
115 15 954
116 34 941
114 46 364
116 45 555
114 61 266
116 62 824
114 72 800
116 72 207
114 99 617
116 105 474
116 119 961
114 126 329
116 123 848
117 24 659
115 77 848
117 78 898
116 85 469
116 91 352
117 95 307
115 130 43
117 129 735
115 133 671
117 135 584
116 9 107
118 11 734
116 20 596
118 17 463
117 42 86
116 53 378
116 66 348
118 60 633
119 64 522
117 113 824
119 119 311
119 123 384
118 4 540
118 48 204
120 76 361
119 89 187
120 95 901
118 102 627
120 9 368
120 13 901
120 35 120
122 35 665
120 55 783
122 57 486
121 100 440
122 96 369
122 105 195
120 108 770
120 112 163
122 112 890
120 128 348
122 129 100
121 25 10
123 25 49
121 29 874
123 31 859
123 47 8
122 70 869
121 89 826
123 89 595
121 116 631
123 116 742
122 10 145
122 40 567
122 79 679
123 6 664
125 8 748
123 61 971
123 74 905
125 71 808
125 98 684
125 16 50
125 19 479
126 36 83
126 40 674
124 52 120
126 51 575
124 67 80
126 65 756
124 93 823
126 93 546
126 117 199
124 123 893
125 127 634
127 3 346
125 12 178
127 13 70
127 24 569
125 30 863
125 83 305
127 81 742
127 88 694
125 104 47
126 111 124
127 107 405
126 44 571
128 58 778
128 74 293
126 121 758
128 122 502
128 126 834
127 55 12
129 53 622
128 69 540
130 4 261
128 35 617
130 36 555
128 49 958
130 49 893
129 83 390
130 117 773
129 11 47
131 9 390
131 41 497
129 79 980
129 93 785
131 94 636
129 97 104
132 32 354
130 67 810
130 89 804
130 101 942
132 100 576
130 112 739
131 15 765
133 15 307
131 25 655
133 38 100
131 53 885
133 55 324
131 61 2
133 84 939
133 89 134
133 93 625
131 105 862
132 20 897
134 25 556
132 49 959
134 49 63
134 59 307
132 119 698
134 120 822
133 64 821
133 71 377
135 77 864
136 21 435
134 100 462
135 96 550
136 125 792
134 135 681
136 136 245
137 99 123
135 112 665
137 114 924
135 130 956
136 1 780
138 2 139
138 15 45
136 30 811
138 27 316
137 44 661
136 57 452
137 70 310
139 21 815
139 33 786
137 49 213
139 52 186
138 62 678
139 66 640
137 75 726
139 75 388
138 80 10
137 83 739
139 85 415
137 89 791
139 92 4
137 95 387
139 95 36
139 102 894
138 108 61
137 132 281
139 130 303